[2025-04-21 18:40:56] URL: https://youtu.be/j2Y7e5K4dcI Ошибка при скачивании: Загрузка отменена пользователем
[2025-04-28 19:56:29] URL: https://vk.com/video-87010855_456271868?t=1s Ошибка получения информации: [0;31mERROR:[0m [vk] Video only available to followers
[2025-04-28 19:56:34] URL: https://vk.com/video-87010855_456271868 Ошибка получения информации: [0;31mERROR:[0m [vk] Video only available to followers
[2025-04-28 19:56:54] URL: https://vk.com/video-87010855_456271868 Ошибка получения информации: [0;31mERROR:[0m [vk] Video only available to followers
[2025-04-28 19:56:59] URL: https://vk.com/video-87010855_456271868 Ошибка получения информации: [0;31mERROR:[0m [vk] Video only available to followers
[2025-04-28 19:57:26] URL: https://vk.com/video-87010855_456271810 Ошибка получения информации: [0;31mERROR:[0m [vk] Video only available to followers
[2025-04-28 21:34:48] URL: https://www.youtube.com/shorts/ITkg7e8L7zw?feature=share Ошибка при скачивании: Загрузка отменена пользователем
[2025-04-28 21:34:53] URL: https://www.youtube.com/shorts/ITkg7e8L7zw?feature=share Ошибка при скачивании: Загрузка отменена пользователем
[2025-04-28 21:34:58] URL: https://www.youtube.com/shorts/ITkg7e8L7zw?feature=share Ошибка при скачивании: 'VideoDownloader' does not have a signal with the signature update_progress(int)
[2025-04-28 21:37:05] URL: https://www.youtube.com/shorts/ITkg7e8L7zw?feature=share Ошибка при скачивании: [0;31mERROR:[0m unable to download video data: HTTP Error 416: Requested range not satisfiable
[2025-04-28 21:37:54] URL: https://www.youtube.com/shorts/s5byF4nAqWQ?feature=share Ошибка при скачивании: Загрузка отменена пользователем
[2025-04-28 21:38:04] URL: https://www.youtube.com/shorts/s5byF4nAqWQ?feature=share Ошибка при скачивании: Загрузка отменена пользователем
[2025-04-29 21:57:04] URL: https://www.veed.io/view/529f531c-7ad4-4da4-9fcb-41fbdf70a469?panel= Ошибка при скачивании: [0;31mERROR:[0m Unsupported URL: https://www.veed.io/embed/529f531c-7ad4-4da4-9fcb-41fbdf70a469
[2025-04-30 18:18:37] URL: https://www.tiktok.com/@vip.seriess/video/7369892022125202694?is_from_webapp=1&sender_device=pc Ошибка получения информации: [0;31mERROR:[0m [TikTok] 7369892022125202694: TikTok is requiring login for access to this content. Use --cookies-from-browser or --cookies for the authentication. See  https://github.com/yt-dlp/yt-dlp/wiki/FAQ#how-do-i-pass-cookies-to-yt-dlp  for how to manually pass cookies
[2025-04-30 18:40:51] URL: https://www.tiktok.com/@vip.seriess/video/7369892022125202694?is_from_webapp=1&sender_device=pc Ошибка получения информации: [0;31mERROR:[0m [TikTok] 7369892022125202694: Your IP address is blocked from accessing this post
[2025-04-30 18:41:49] URL: https://www.tiktok.com/@vip.seriess/video/7369892022125202694?is_from_webapp=1&sender_device=pc Ошибка получения информации: [0;31mERROR:[0m [TikTok] 7369892022125202694: TikTok is requiring login for access to this content. Use --cookies-from-browser or --cookies for the authentication. See  https://github.com/yt-dlp/yt-dlp/wiki/FAQ#how-do-i-pass-cookies-to-yt-dlp  for how to manually pass cookies
[2025-04-30 18:41:50] URL: https://www.tiktok.com/@vip.seriess/video/7369892022125202694?is_from_webapp=1&sender_device=pc Ошибка получения информации: [0;31mERROR:[0m [TikTok] 7369892022125202694: TikTok is requiring login for access to this content. Use --cookies-from-browser or --cookies for the authentication. See  https://github.com/yt-dlp/yt-dlp/wiki/FAQ#how-do-i-pass-cookies-to-yt-dlp  for how to manually pass cookies
[2025-04-30 18:46:05] URL: https://www.tiktok.com/@kinomoments1/video/7464989518161087750?is_from_webapp=1&sender_device=pc Ошибка получения информации: [0;31mERROR:[0m [TikTok] 7464989518161087750: TikTok is requiring login for access to this content. Use --cookies-from-browser or --cookies for the authentication. See  https://github.com/yt-dlp/yt-dlp/wiki/FAQ#how-do-i-pass-cookies-to-yt-dlp  for how to manually pass cookies
[2025-04-30 19:19:59] URL: https://www.tiktok.com/@kinomoments1/video/7464989518161087750?is_from_webapp=1&sender_device=pc Ошибка получения информации: [0;31mERROR:[0m [TikTok] 7464989518161087750: Your IP address is blocked from accessing this post
[2025-04-30 19:26:34] URL: https://www.tiktok.com/@kinomoments1/video/7464989518161087750?is_from_webapp=1&sender_device=pc Ошибка получения информации: [0;31mERROR:[0m [TikTok] 7464989518161087750: Your IP address is blocked from accessing this post
[2025-04-30 19:34:18] URL: https://www.tiktok.com/@kinomoments1/video/7464989518161087750?is_from_webapp=1&sender_device=pc Ошибка получения информации: [0;31mERROR:[0m [TikTok] 7464989518161087750: Your IP address is blocked from accessing this post
[2025-04-30 19:35:30] URL: https://www.tiktok.com/@kinomoments1/video/7464989518161087750?is_from_webapp=1&sender_device=pc Ошибка получения информации: [0;31mERROR:[0m [TikTok] 7464989518161087750: TikTok is requiring login for access to this content. Use --cookies-from-browser or --cookies for the authentication. See  https://github.com/yt-dlp/yt-dlp/wiki/FAQ#how-do-i-pass-cookies-to-yt-dlp  for how to manually pass cookies
[2025-04-30 19:51:31] URL: https://www.tiktok.com/@c347am/video/7345022849679215874?is_from_webapp=1&sender_device=pc Ошибка получения информации: [0;31mERROR:[0m [TikTok] 7345022849679215874: TikTok is requiring login for access to this content. Use --cookies-from-browser or --cookies for the authentication. See  https://github.com/yt-dlp/yt-dlp/wiki/FAQ#how-do-i-pass-cookies-to-yt-dlp  for how to manually pass cookies
[2025-04-30 20:27:52] URL: https://www.tiktok.com/@c347am/video/7345022849679215874?is_from_webapp=1&sender_device=pc Ошибка получения информации: [0;31mERROR:[0m [TikTok] 7345022849679215874: Your IP address is blocked from accessing this post
[2025-04-30 21:05:15] URL: https://www.tiktok.com/@c347am/video/7345022849679215874?is_from_webapp=1&sender_device=pc Ошибка получения информации: [0;31mERROR:[0m [TikTok] 7345022849679215874: TikTok is requiring login for access to this content. Use --cookies-from-browser or --cookies for the authentication. See  https://github.com/yt-dlp/yt-dlp/wiki/FAQ#how-do-i-pass-cookies-to-yt-dlp  for how to manually pass cookies
[2025-04-30 21:12:13] URL: https://www.tiktok.com/@c347am/video/7345022849679215874?is_from_webapp=1&sender_device=pc Ошибка получения информации: [0;31mERROR:[0m unsupported browser: "google chrome"
[2025-04-30 22:01:08] URL: https://www.tiktok.com/@c347am/video/7347607109195795713?is_from_webapp=1&sender_device=pc Ошибка получения информации: [0;31mERROR:[0m [TikTok] 7347607109195795713: TikTok is requiring login for access to this content. Use --cookies-from-browser or --cookies for the authentication. See  https://github.com/yt-dlp/yt-dlp/wiki/FAQ#how-do-i-pass-cookies-to-yt-dlp  for how to manually pass cookies
[2025-04-30 22:01:23] URL: https://www.tiktok.com/@c347am/video/7347607109195795713?is_from_webapp=1&sender_device=pc Ошибка получения информации: [0;31mERROR:[0m [TikTok] 7347607109195795713: TikTok is requiring login for access to this content. Use --cookies-from-browser or --cookies for the authentication. See  https://github.com/yt-dlp/yt-dlp/wiki/FAQ#how-do-i-pass-cookies-to-yt-dlp  for how to manually pass cookies
[2025-04-30 22:11:28] URL: https://www.tiktok.com/@dilawrentis/video/7414647439849835782?is_from_webapp=1&sender_device=pc Ошибка получения информации: [0;31mERROR:[0m [TikTok] 7414647439849835782: TikTok is requiring login for access to this content. Use --cookies-from-browser or --cookies for the authentication. See  https://github.com/yt-dlp/yt-dlp/wiki/FAQ#how-do-i-pass-cookies-to-yt-dlp  for how to manually pass cookies
[2025-04-30 22:11:37] URL: https://www.tiktok.com/@dilawrentis/video/7414647439849835782?is_from_webapp=1&sender_device=pc Ошибка получения информации: [0;31mERROR:[0m [0;31mERROR:[0m Failed to decrypt with DPAPI. See  https://github.com/yt-dlp/yt-dlp/issues/10927  for more info
[2025-04-30 22:12:22] URL: https://www.tiktok.com/@dilawrentis/video/7414647439849835782?is_from_webapp=1&sender_device=pc Ошибка получения информации: [0;31mERROR:[0m [0;31mERROR:[0m Failed to decrypt with DPAPI. See  https://github.com/yt-dlp/yt-dlp/issues/10927  for more info
[2025-04-30 22:35:39] URL: https://www.tiktok.com/@dilawrentis/video/7273583737214946566?is_from_webapp=1&sender_device=pc Ошибка получения информации: Не удалось получить cookies из Chrome. Убедитесь, что Chrome установлен и вы авторизованы в TikTok.
[2025-04-30 22:38:06] URL: https://www.tiktok.com/@dilawrentis/video/7273583737214946566?is_from_webapp=1&sender_device=pc Ошибка получения информации: Не удалось получить cookies из Chrome. Убедитесь, что Chrome установлен и вы авторизованы в TikTok.
[2025-04-30 22:46:11] URL: https://www.tiktok.com/@dilawrentis/video/7273583737214946566?is_from_webapp=1&sender_device=pc Ошибка при получении cookies из firefox: [0;31mERROR:[0m [TikTok] 7273583737214946566: TikTok is requiring login for access to this content. Use --cookies-from-browser or --cookies for the authentication. See  https://github.com/yt-dlp/yt-dlp/wiki/FAQ#how-do-i-pass-cookies-to-yt-dlp  for how to manually pass cookies
[2025-04-30 22:46:12] URL: https://www.tiktok.com/@dilawrentis/video/7273583737214946566?is_from_webapp=1&sender_device=pc Ошибка при получении cookies из brave: [0;31mERROR:[0m [TikTok] 7273583737214946566: TikTok is requiring login for access to this content. Use --cookies-from-browser or --cookies for the authentication. See  https://github.com/yt-dlp/yt-dlp/wiki/FAQ#how-do-i-pass-cookies-to-yt-dlp  for how to manually pass cookies
[2025-04-30 22:46:15] URL: https://www.tiktok.com/@dilawrentis/video/7273583737214946566?is_from_webapp=1&sender_device=pc Ошибка при получении cookies из chrome: [0;31mERROR:[0m [TikTok] 7273583737214946566: TikTok is requiring login for access to this content. Use --cookies-from-browser or --cookies for the authentication. See  https://github.com/yt-dlp/yt-dlp/wiki/FAQ#how-do-i-pass-cookies-to-yt-dlp  for how to manually pass cookies
[2025-04-30 22:46:16] URL: https://www.tiktok.com/@dilawrentis/video/7273583737214946566?is_from_webapp=1&sender_device=pc Ошибка получения информации: Не удалось получить cookies из браузеров. Убедитесь, что браузеры установлены и вы авторизованы в TikTok.
[2025-04-30 22:53:02] URL: https://www.tiktok.com/@dilawrentis/video/7273583737214946566?is_from_webapp=1&sender_device=pc Требуется авторизация. Выберите браузер для кук.
[2025-04-30 22:53:21] URL: https://www.tiktok.com/@dilawrentis/video/7273583737214946566?is_from_webapp=1&sender_device=pc Ошибка получения информации: [0;31mERROR:[0m [0;31mERROR:[0m Failed to decrypt with DPAPI. See  https://github.com/yt-dlp/yt-dlp/issues/10927  for more info
[2025-04-30 22:56:52] URL: https://www.tiktok.com/@dilawrentis/video/7273583737214946566?is_from_webapp=1&sender_device=pc Ошибка получения информации: [0;31mERROR:[0m [0;31mERROR:[0m Failed to decrypt with DPAPI. See  https://github.com/yt-dlp/yt-dlp/issues/10927  for more info
[2025-04-30 22:59:44] URL: https://www.tiktok.com/@dilawrentis/video/7273583737214946566?is_from_webapp=1&sender_device=pc Требуется авторизация. Выберите браузер для кук.
[2025-04-30 23:06:11] URL: https://www.tiktok.com/@dilawrentis/video/7273583737214946566?is_from_webapp=1&sender_device=pc Ошибка получения информации: [0;31mERROR:[0m [TikTok] 7273583737214946566: TikTok is requiring login for access to this content. Use --cookies-from-browser or --cookies for the authentication. See  https://github.com/yt-dlp/yt-dlp/wiki/FAQ#how-do-i-pass-cookies-to-yt-dlp  for how to manually pass cookies
[2025-04-30 23:08:24] URL: https://www.tiktok.com/@dilawrentis/video/7273583737214946566?is_from_webapp=1&sender_device=pc Ошибка получения информации: [0;31mERROR:[0m [TikTok] 7273583737214946566: TikTok is requiring login for access to this content. Use --cookies-from-browser or --cookies for the authentication. See  https://github.com/yt-dlp/yt-dlp/wiki/FAQ#how-do-i-pass-cookies-to-yt-dlp  for how to manually pass cookies
[2025-04-30 23:10:50] URL: https://www.tiktok.com/@dilawrentis/video/7273583737214946566?is_from_webapp=1&sender_device=pc Ошибка получения информации: [0;31mERROR:[0m [TikTok] 7273583737214946566: TikTok is requiring login for access to this content. Use --cookies-from-browser or --cookies for the authentication. See  https://github.com/yt-dlp/yt-dlp/wiki/FAQ#how-do-i-pass-cookies-to-yt-dlp  for how to manually pass cookies
[2025-05-01 12:45:22] URL: https://www.tiktok.com/@dilawrentis/video/7414647439849835782?is_from_webapp=1&sender_device=pc Ошибка при скачивании TikTok видео: [0;31mERROR:[0m [TikTok] 7414647439849835782: TikTok is requiring login for access to this content. Use --cookies-from-browser or --cookies for the authentication. See  https://github.com/yt-dlp/yt-dlp/wiki/FAQ#how-do-i-pass-cookies-to-yt-dlp  for how to manually pass cookies
[2025-05-01 12:45:48] URL: https://www.tiktok.com/@dilawrentis/video/7414647439849835782?is_from_webapp=1&sender_device=pc Ошибка получения информации: [0;31mERROR:[0m [TikTok] 7414647439849835782: TikTok is requiring login for access to this content. Use --cookies-from-browser or --cookies for the authentication. See  https://github.com/yt-dlp/yt-dlp/wiki/FAQ#how-do-i-pass-cookies-to-yt-dlp  for how to manually pass cookies
[2025-05-01 12:46:28] URL: https://www.tiktok.com/@dilawrentis/video/7414647439849835782?is_from_webapp=1&sender_device=pc Ошибка при скачивании TikTok видео: [0;31mERROR:[0m [TikTok] 7414647439849835782: TikTok is requiring login for access to this content. Use --cookies-from-browser or --cookies for the authentication. See  https://github.com/yt-dlp/yt-dlp/wiki/FAQ#how-do-i-pass-cookies-to-yt-dlp  for how to manually pass cookies
[2025-05-17 18:29:56] URL: https://t.me/mokkrousov_workout/662 Ошибка получения информации: 'NoneType' object has no attribute 'get'
